{"level":"info","message":"reqUrl: /api/posts reqBody: {}"}
{"level":"info","message":"reqUrl: /api/posts/all reqBody: {}"}
{"level":"info","message":"reqUrl: /api/posts/all reqBody: {}"}
{"level":"info","message":"reqUrl: /api/comments/1 reqBody: {\"content\":\"Fantastic\"}"}
{"level":"info","message":"reqUrl: /api/posts reqBody: {}"}
{"level":"info","message":"reqUrl: /api/posts reqBody: {}"}
{"level":"info","message":"reqUrl: / reqBody: {}"}
{"level":"info","message":"reqUrl: /favicon.ico reqBody: {}"}
{"level":"info","message":"reqUrl: /api/posts/ reqBody: {}"}
{"level":"info","message":"reqUrl: /api/posts reqBody: {}"}
{"level":"info","message":"reqUrl: /api/posts/1 reqBody: {}"}
{"level":"info","message":"reqUrl: /api/posts reqBody: {}"}
{"level":"info","message":"reqUrl: /api/posts reqBody: {}"}
{"level":"info","message":"reqUrl: /api/posts reqBody: {}"}
{"level":"info","message":"reqUrl: /api/posts reqBody: {}"}
{"level":"info","message":"reqUrl: /api/posts/ reqBody: {}"}
{"level":"info","message":"reqUrl: /api/posts/1 reqBody: {}"}
{"level":"info","message":"reqUrl: /api/posts/1 reqBody: {}"}
{"level":"info","message":"reqUrl: /api/posts/ reqBody: {}"}
{"level":"info","message":"reqUrl: /api/posts reqBody: {}"}
{"level":"info","message":"reqUrl: /api/posts reqBody: {}"}
{"level":"info","message":"reqUrl: /api/posts reqBody: {}"}
{"level":"info","message":"reqUrl: /api/posts reqBody: {}"}
{"level":"info","message":"reqUrl: /api/posts/ reqBody: {}"}
{"level":"info","message":"reqUrl: /api/posts/1 reqBody: {}"}
{"level":"info","message":"reqUrl: /api/posts reqBody: {}"}
{"level":"info","message":"reqUrl: /api/posts reqBody: {}"}
{"level":"info","message":"reqUrl: /api/posts/1 reqBody: {}"}
{"level":"info","message":"reqUrl: /api/posts/1 reqBody: {}"}
{"level":"info","message":"reqUrl: /api/posts/2 reqBody: {}"}
{"level":"info","message":"reqUrl: /api/posts/all reqBody: {}"}
{"level":"info","message":"reqUrl: /api/posts/all reqBody: {}"}
{"level":"info","message":"reqUrl: /api/posts/2 reqBody: {}"}
{"level":"info","message":"reqUrl: /api/posts/1 reqBody: {}"}
{"level":"info","message":"reqUrl: /api/posts reqBody: {}"}
{"level":"info","message":"reqUrl: /api/posts reqBody: {}"}
{"level":"info","message":"reqUrl: /api/posts reqBody: {}"}
{"level":"info","message":"reqUrl: /api/posts/1 reqBody: {}"}
{"level":"info","message":"reqUrl: /api/posts/all reqBody: {}"}
{"level":"info","message":"reqUrl: /api/posts reqBody: {}"}
{"level":"info","message":"reqUrl: /api/posts reqBody: {}"}
{"level":"info","message":"reqUrl: /api/posts reqBody: {}"}
{"level":"info","message":"reqUrl: /api/posts/ reqBody: {}"}
{"level":"info","message":"reqUrl: /api/posts/all reqBody: {}"}
{"level":"info","message":"reqUrl: /api/posts/1 reqBody: {}"}
{"level":"info","message":"reqUrl: /api/posts/2 reqBody: {}"}
{"level":"info","message":"reqUrl: /api/posts/3 reqBody: {}"}
{"level":"info","message":"reqUrl: /api/posts/1 reqBody: {}"}
{"level":"info","message":"reqUrl: /api/posts/ reqBody: {}"}
{"level":"info","message":"reqUrl: /api/posts/1 reqBody: {}"}
{"level":"info","message":"reqUrl: /api/posts/ reqBody: {}"}
{"level":"info","message":"reqUrl: /api/posts reqBody: {}"}
{"level":"info","message":"reqUrl: /api/posts reqBody: {}"}
{"level":"info","message":"reqUrl: /api/posts reqBody: {}"}
{"level":"info","message":"reqUrl: /api/posts/ reqBody: {}"}
{"level":"info","message":"reqUrl: /api/posts/all reqBody: {}"}
{"level":"info","message":"reqUrl: /api/posts reqBody: {}"}
{"level":"info","message":"reqUrl: /api/posts reqBody: {}"}
{"level":"info","message":"reqUrl: /api/posts reqBody: {}"}
{"level":"info","message":"reqUrl: /api/posts/ reqBody: {}"}
{"level":"info","message":"reqUrl: /api/posts/all reqBody: {}"}
{"level":"info","message":"reqUrl: /api/posts/1 reqBody: {}"}
{"level":"info","message":"reqUrl: /api/posts/2 reqBody: {}"}
{"level":"info","message":"reqUrl: /api/posts/3 reqBody: {}"}
{"level":"info","message":"reqUrl: /api/posts/1 reqBody: {}"}
{"level":"info","message":"reqUrl: /api/posts/1 reqBody: {}"}
{"level":"info","message":"reqUrl: /api/posts reqBody: {}"}
{"level":"info","message":"reqUrl: /api/posts reqBody: {}"}
{"level":"info","message":"reqUrl: /api/posts reqBody: {}"}
{"level":"info","message":"reqUrl: /api/posts/ reqBody: {}"}
{"level":"info","message":"reqUrl: /api/posts/2 reqBody: {}"}
{"level":"info","message":"reqUrl: /api/posts/ reqBody: {}"}
{"level":"info","message":"reqUrl: /api/posts reqBody: {}"}
{"level":"info","message":"reqUrl: /api/posts reqBody: {}"}
{"level":"info","message":"reqUrl: /api/posts reqBody: {}"}
{"level":"info","message":"reqUrl: /api/posts reqBody: {}"}
{"level":"info","message":"reqUrl: /api/posts/ reqBody: {}"}
{"level":"info","message":"reqUrl: /api/comments/1 reqBody: {\"content\":\"Wow very nice\"}"}
{"level":"info","message":"reqUrl: /api/comments/2 reqBody: {\"content\":\"Awesome\"}"}
{"level":"info","message":"reqUrl: /api/comments/1 reqBody: {}"}
{"level":"info","message":"reqUrl: /api/comments/2 reqBody: {}"}
{"level":"info","message":"reqUrl: /api/comments/3 reqBody: {}"}
{"level":"info","message":"reqUrl: /api/comments/4 reqBody: {}"}
{"level":"info","message":"reqUrl: /api/comments/1 reqBody: {\"content\":\"Looking cool\"}"}
{"level":"info","message":"reqUrl: /api/comments/1 reqBody: {}"}
{"level":"info","message":"reqUrl: /api/likes/toggle/1 reqBody: {}"}
{"level":"info","message":"reqUrl: /api/likes/1 reqBody: {}"}
{"level":"info","message":"reqUrl: /api/posts reqBody: {}"}
{"level":"info","message":"reqUrl: /api/posts reqBody: {}"}
{"level":"info","message":"reqUrl: /api/posts reqBody: {}"}
{"level":"info","message":"reqUrl: /api/posts/ reqBody: {}"}
{"level":"info","message":"reqUrl: /api/posts/all reqBody: {}"}
{"level":"info","message":"reqUrl: /api/posts/1 reqBody: {}"}
{"level":"info","message":"reqUrl: /api/posts/1 reqBody: {}"}
{"level":"info","message":"reqUrl: /api/posts/all reqBody: {}"}
{"level":"info","message":"reqUrl: /api/posts/ reqBody: {}"}
{"level":"info","message":"reqUrl: /api/posts reqBody: {}"}
{"level":"info","message":"reqUrl: /api/posts reqBody: {}"}
{"level":"info","message":"reqUrl: /api/comments/1 reqBody: {\"content\":\"Fantastic\"}"}
{"level":"info","message":"reqUrl: /api/comments/1 reqBody: {}"}
{"level":"info","message":"reqUrl: /api/comments/1 reqBody: {}"}
{"level":"info","message":"reqUrl: /api/posts reqBody: {}"}
{"level":"info","message":"reqUrl: /api/posts reqBody: {}"}
{"level":"info","message":"reqUrl: /api/posts/all reqBody: {}"}
{"level":"info","message":"reqUrl: /api/comments/1 reqBody: {\"content\":\"Fantastic\"}"}
{"level":"info","message":"reqUrl: /api/posts reqBody: {}"}
{"level":"info","message":"reqUrl: /api/posts reqBody: {}"}
{"level":"info","message":"reqUrl: /api/posts reqBody: {}"}
{"level":"info","message":"reqUrl: /api/posts reqBody: {}"}
{"level":"info","message":"reqUrl: /api/posts reqBody: {}"}
{"level":"info","message":"reqUrl: /api/posts reqBody: {}"}
{"level":"info","message":"reqUrl: /api/posts/all reqBody: {}"}
{"level":"info","message":"reqUrl: /api/posts reqBody: {}"}
{"level":"info","message":"reqUrl: /api/posts/ reqBody: {}"}
{"level":"info","message":"reqUrl: /api/posts/1 reqBody: {}"}
{"level":"info","message":"reqUrl: /api/posts/1 reqBody: {}"}
{"level":"info","message":"reqUrl: /api/comments/1 reqBody: {\"content\":\"goood\"}"}
{"level":"info","message":"reqUrl: /api/comments/1 reqBody: {\"content\":\"gooo1d\"}"}
{"level":"info","message":"reqUrl: /api/comments/1 reqBody: {}"}
{"level":"info","message":"reqUrl: /api/comments/1 reqBody: {\"content\":\"best\"}"}
{"level":"info","message":"reqUrl: /api/comments/1 reqBody: {}"}
{"level":"info","message":"reqUrl: /api/comments/2 reqBody: {}"}
{"level":"info","message":"reqUrl: /api/posts reqBody: {}"}
{"level":"info","message":"reqUrl: /api/posts reqBody: {}"}
{"level":"info","message":"reqUrl: /api/posts reqBody: {}"}
{"level":"info","message":"reqUrl: /api/posts reqBody: {}"}
